[    0.000000] Initializing cgroup subsys cpuset
[    0.000000] Initializing cgroup subsys cpu
[    0.000000] Initializing cgroup subsys cpuacct
[    0.000000] Linux version 4.4.0-204-generic (buildd@lgw01-amd64-018) (gcc version 5.4.0 20160609 (Ubuntu 5.4.0-6ubuntu1~16.04.12) ) #236-Ubuntu SMP Fri Feb 19 16:11:27 UTC 2021 (Ubuntu 4.4.0-204.236-generic 4.4.254)
[    0.000000] Command line: BOOT_IMAGE=/boot/vmlinuz-4.4.0-204-generic root=LABEL=cloudimg-rootfs ro console=tty1 console=ttyS0
[    0.000000] KERNEL supported cpus:
[    0.000000]   Intel GenuineIntel
[    0.000000]   AMD AuthenticAMD
[    0.000000]   Centaur CentaurHauls
[    0.000000] x86/fpu: xstate_offset[2]:  576, xstate_sizes[2]:  256
[    0.000000] x86/fpu: Supporting XSAVE feature 0x01: 'x87 floating point registers'
[    0.000000] x86/fpu: Supporting XSAVE feature 0x02: 'SSE registers'
[    0.000000] x86/fpu: Supporting XSAVE feature 0x04: 'AVX registers'
[    0.000000] x86/fpu: Enabled xstate features 0x7, context size is 832 bytes, using 'standard' format.
[    0.000000] e820: BIOS-provided physical RAM map:
[    0.000000] BIOS-e820: [mem 0x0000000000000000-0x000000000009fbff] usable
[    0.000000] BIOS-e820: [mem 0x000000000009fc00-0x000000000009ffff] reserved
[    0.000000] BIOS-e820: [mem 0x00000000000f0000-0x00000000000fffff] reserved
[    0.000000] BIOS-e820: [mem 0x0000000000100000-0x000000003ffeffff] usable
[    0.000000] BIOS-e820: [mem 0x000000003fff0000-0x000000003fffffff] ACPI data
[    0.000000] BIOS-e820: [mem 0x00000000fec00000-0x00000000fec00fff] reserved
[    0.000000] BIOS-e820: [mem 0x00000000fee00000-0x00000000fee00fff] reserved
[    0.000000] BIOS-e820: [mem 0x00000000fffc0000-0x00000000ffffffff] reserved
[    0.000000] NX (Execute Disable) protection: active
[    0.000000] SMBIOS 2.5 present.
[    0.000000] Hypervisor detected: KVM
[    0.000000] e820: last_pfn = 0x3fff0 max_arch_pfn = 0x400000000
[    0.000000] MTRR: Disabled
[    0.000000] x86/PAT: MTRRs disabled, skipping PAT initialization too.
[    0.000000] CPU MTRRs all blank - virtualized system.
[    0.000000] x86/PAT: Configuration [0-7]: WB  WT  UC- UC  WB  WT  UC- UC  
[    0.000000] found SMP MP-table at [mem 0x0009fff0-0x0009ffff] mapped at [ffff88000009fff0]
[    0.000000] Scanning 1 areas for low memory corruption
[    0.000000] RAMDISK: [mem 0x362de000-0x37166fff]
[    0.000000] ACPI: Early table checksum verification disabled
[    0.000000] ACPI: RSDP 0x00000000000E0000 000024 (v02 VBOX  )
[    0.000000] ACPI: XSDT 0x000000003FFF0030 00003C (v01 VBOX   VBOXXSDT 00000001 ASL  00000061)
[    0.000000] ACPI: FACP 0x000000003FFF00F0 0000F4 (v04 VBOX   VBOXFACP 00000001 ASL  00000061)
[    0.000000] ACPI: DSDT 0x000000003FFF0470 002325 (v02 VBOX   VBOXBIOS 00000002 INTL 20190509)
[    0.000000] ACPI: FACS 0x000000003FFF0200 000040
[    0.000000] ACPI: FACS 0x000000003FFF0200 000040
[    0.000000] ACPI: APIC 0x000000003FFF0240 00005C (v02 VBOX   VBOXAPIC 00000001 ASL  00000061)
[    0.000000] ACPI: SSDT 0x000000003FFF02A0 0001CC (v01 VBOX   VBOXCPUT 00000002 INTL 20190509)
[    0.000000] No NUMA configuration found
[    0.000000] Faking a node at [mem 0x0000000000000000-0x000000003ffeffff]
[    0.000000] NODE_DATA(0) allocated [mem 0x3ffeb000-0x3ffeffff]
[    0.000000] kvm-clock: Using msrs 4b564d01 and 4b564d00
[    0.000000] kvm-clock: cpu 0, msr 0:3ffe3001, primary cpu clock
[    0.000000] kvm-clock: using sched offset of 3204640256 cycles
[    0.000000] clocksource: kvm-clock: mask: 0xffffffffffffffff max_cycles: 0x1cd42e4dffb, max_idle_ns: 881590591483 ns
[    0.000000] Zone ranges:
[    0.000000]   DMA      [mem 0x0000000000001000-0x0000000000ffffff]
[    0.000000]   DMA32    [mem 0x0000000001000000-0x000000003ffeffff]
[    0.000000]   Normal   empty
[    0.000000]   Device   empty
[    0.000000] Movable zone start for each node
[    0.000000] Early memory node ranges
[    0.000000]   node   0: [mem 0x0000000000001000-0x000000000009efff]
[    0.000000]   node   0: [mem 0x0000000000100000-0x000000003ffeffff]
[    0.000000] Initmem setup node 0 [mem 0x0000000000001000-0x000000003ffeffff]
[    0.000000] ACPI: PM-Timer IO Port: 0x4008
[    0.000000] IOAPIC[0]: apic_id 2, version 32, address 0xfec00000, GSI 0-23
[    0.000000] ACPI: INT_SRC_OVR (bus 0 bus_irq 0 global_irq 2 dfl dfl)
[    0.000000] ACPI: INT_SRC_OVR (bus 0 bus_irq 9 global_irq 9 low level)
[    0.000000] Using ACPI (MADT) for SMP configuration information
[    0.000000] smpboot: Allowing 2 CPUs, 0 hotplug CPUs
[    0.000000] PM: Registered nosave memory: [mem 0x00000000-0x00000fff]
[    0.000000] PM: Registered nosave memory: [mem 0x0009f000-0x0009ffff]
[    0.000000] PM: Registered nosave memory: [mem 0x000a0000-0x000effff]
[    0.000000] PM: Registered nosave memory: [mem 0x000f0000-0x000fffff]
[    0.000000] e820: [mem 0x40000000-0xfebfffff] available for PCI devices
[    0.000000] Booting paravirtualized kernel on KVM
[    0.000000] clocksource: refined-jiffies: mask: 0xffffffff max_cycles: 0xffffffff, max_idle_ns: 7645519600211568 ns
[    0.000000] setup_percpu: NR_CPUS:512 nr_cpumask_bits:512 nr_cpu_ids:2 nr_node_ids:1
[    0.000000] PERCPU: Embedded 33 pages/cpu @ffff88003fc00000 s95640 r8192 d31336 u1048576
[    0.000000] Built 1 zonelists in Node order, mobility grouping on.  Total pages: 257912
[    0.000000] Policy zone: DMA32
[    0.000000] Kernel command line: BOOT_IMAGE=/boot/vmlinuz-4.4.0-204-generic root=LABEL=cloudimg-rootfs ro console=tty1 console=ttyS0
[    0.000000] PID hash table entries: 4096 (order: 3, 32768 bytes)
[    0.000000] Memory: 997656K/1048120K available (8641K kernel code, 1337K rwdata, 4044K rodata, 1496K init, 1296K bss, 50464K reserved, 0K cma-reserved)
[    0.000000] SLUB: HWalign=64, Order=0-3, MinObjects=0, CPUs=2, Nodes=1
[    0.000000] Kernel/User page tables isolation: enabled
[    0.000000] Hierarchical RCU implementation.
[    0.000000] 	Build-time adjustment of leaf fanout to 64.
[    0.000000] 	RCU restricting CPUs from NR_CPUS=512 to nr_cpu_ids=2.
[    0.000000] RCU: Adjusting geometry for rcu_fanout_leaf=64, nr_cpu_ids=2
[    0.000000] NR_IRQS:33024 nr_irqs:440 16
[    0.000000] Console: colour VGA+ 80x25
[    0.000000] console [tty1] enabled
[    0.000000] console [ttyS0] enabled
[    0.000000] tsc: Detected 1801.354 MHz processor
[    0.101436] Calibrating delay loop (skipped) preset value.. 3602.70 BogoMIPS (lpj=7205416)
[    0.102632] pid_max: default: 32768 minimum: 301
[    0.103286] ACPI: Core revision 20150930
[    0.104539] ACPI: 2 ACPI AML tables successfully acquired and loaded
[    0.105517] Security Framework initialized
[    0.106138] Yama: becoming mindful.
[    0.106686] AppArmor: AppArmor initialized
[    0.107337] Dentry cache hash table entries: 131072 (order: 8, 1048576 bytes)
[    0.108867] Inode-cache hash table entries: 65536 (order: 7, 524288 bytes)
[    0.109782] Mount-cache hash table entries: 2048 (order: 2, 16384 bytes)
[    0.110620] Mountpoint-cache hash table entries: 2048 (order: 2, 16384 bytes)
[    0.111615] Initializing cgroup subsys io
[    0.112267] Initializing cgroup subsys memory
[    0.112963] Initializing cgroup subsys devices
[    0.113603] Initializing cgroup subsys freezer
[    0.114219] Initializing cgroup subsys net_cls
[    0.114849] Initializing cgroup subsys perf_event
[    0.115498] Initializing cgroup subsys net_prio
[    0.116136] Initializing cgroup subsys hugetlb
[    0.116790] Initializing cgroup subsys pids
[    0.129127] mce: CPU supports 0 MCE banks
[    0.129783] Last level iTLB entries: 4KB 64, 2MB 8, 4MB 8
[    0.130529] Last level dTLB entries: 4KB 64, 2MB 0, 4MB 0, 1GB 4
[    0.131299] Spectre V1 : Mitigation: usercopy/swapgs barriers and __user pointer sanitization
[    0.132492] Spectre V2 : Mitigation: Full generic retpoline
[    0.133245] Spectre V2 : Spectre v2 / SpectreRSB mitigation: Filling RSB on context switch
[    0.134464] Speculative Store Bypass: Vulnerable
[    0.135117] SRBDS: Unknown: Dependent on hypervisor status
[    0.135927] MDS: Mitigation: Clear CPU buffers
[    0.138837] Freeing SMP alternatives memory: 36K
[    0.144415] ftrace: allocating 32368 entries in 127 pages
[    0.190972] smpboot: APIC(0) Converting physical 0 to logical package 0
[    0.191873] smpboot: Max logical packages: 1
[    0.192662] x2apic enabled
[    0.193377] Switched APIC routing to physical x2apic.
[    0.194902] ..TIMER: vector=0x30 apic1=0 pin1=2 apic2=-1 pin2=-1
[    0.303760] smpboot: CPU0: Intel(R) Core(TM) i5-8265U CPU @ 1.60GHz (family: 0x6, model: 0x8e, stepping: 0xb)
[    0.305339] Performance Events: unsupported p6 CPU model 142 no PMU driver, software events only.
[    0.315053] KVM setup paravirtual spinlock
[    0.316357] x86: Booting SMP configuration:
[    0.317002] .... node  #0, CPUs:      #1
[    0.317638] kvm-clock: cpu 1, msr 0:3ffe3041, secondary cpu clock
[    0.330607] mce: CPU supports 0 MCE banks
[    0.333119] x86: Booted up 1 node, 2 CPUs
[    0.333857] smpboot: Total of 2 processors activated (7205.41 BogoMIPS)
[    0.334974] devtmpfs: initialized
[    0.337070] evm: security.selinux
[    0.337606] evm: security.SMACK64
[    0.338124] evm: security.SMACK64EXEC
[    0.338677] evm: security.SMACK64TRANSMUTE
[    0.339270] evm: security.SMACK64MMAP
[    0.339881] evm: security.ima
[    0.340356] evm: security.capability
[    0.341083] clocksource: jiffies: mask: 0xffffffff max_cycles: 0xffffffff, max_idle_ns: 7645041785100000 ns
[    0.342450] futex hash table entries: 512 (order: 3, 32768 bytes)
[    0.343371] pinctrl core: initialized pinctrl subsystem
[    0.344194] RTC time:  6:24:42, date: 03/21/21
[    0.345131] NET: Registered protocol family 16
[    0.355860] cpuidle: using governor ladder
[    0.367971] cpuidle: using governor menu
[    0.368672] PCCT header not found.
[    0.369318] ACPI: bus type PCI registered
[    0.369915] acpiphp: ACPI Hot Plug PCI Controller Driver version: 0.5
[    0.370833] PCI: Using configuration type 1 for base access
[    0.384426] ACPI: Added _OSI(Module Device)
[    0.385145] ACPI: Added _OSI(Processor Device)
[    0.385787] ACPI: Added _OSI(3.0 _SCP Extensions)
[    0.386449] ACPI: Added _OSI(Processor Aggregator Device)
[    0.387709] ACPI: Executed 1 blocks of module-level executable AML code
[    0.390153] ACPI: Interpreter enabled
[    0.390762] ACPI: (supports S0 S5)
[    0.391303] ACPI: Using IOAPIC for interrupt routing
[    0.392090] PCI: Using host bridge windows from ACPI; if necessary, use "pci=nocrs" and report a bug
[    0.395942] ACPI: PCI Root Bridge [PCI0] (domain 0000 [bus 00-ff])
[    0.396843] acpi PNP0A03:00: _OSC: OS supports [ASPM ClockPM Segments MSI]
[    0.397939] acpi PNP0A03:00: _OSC: not requesting OS control; OS requires [ExtendedConfig ASPM ClockPM MSI]
[    0.399286] acpi PNP0A03:00: fail to add MMCONFIG information, can't access extended PCI configuration space under this bridge.
[    0.401029] PCI host bridge to bus 0000:00
[    0.401635] pci_bus 0000:00: root bus resource [io  0x0000-0x0cf7 window]
[    0.402513] pci_bus 0000:00: root bus resource [io  0x0d00-0xffff window]
[    0.403384] pci_bus 0000:00: root bus resource [mem 0x000a0000-0x000bffff window]
[    0.404464] pci_bus 0000:00: root bus resource [mem 0x40000000-0xfdffffff window]
[    0.405585] pci_bus 0000:00: root bus resource [bus 00-ff]
[    0.407490] pci 0000:00:01.1: legacy IDE quirk: reg 0x10: [io  0x01f0-0x01f7]
[    0.408381] pci 0000:00:01.1: legacy IDE quirk: reg 0x14: [io  0x03f6]
[    0.409258] pci 0000:00:01.1: legacy IDE quirk: reg 0x18: [io  0x0170-0x0177]
[    0.417062] pci 0000:00:01.1: legacy IDE quirk: reg 0x1c: [io  0x0376]
[    0.426177] pci 0000:00:07.0: quirk: [io  0x4000-0x403f] claimed by PIIX4 ACPI
[    0.427278] pci 0000:00:07.0: quirk: [io  0x4100-0x410f] claimed by PIIX4 SMB
[    0.433164] ACPI: PCI Interrupt Link [LNKA] (IRQs 5 9 10 *11)
[    0.434604] ACPI: PCI Interrupt Link [LNKB] (IRQs 5 9 *10 11)
[    0.435955] ACPI: PCI Interrupt Link [LNKC] (IRQs 5 *9 10 11)
[    0.437332] ACPI: PCI Interrupt Link [LNKD] (IRQs 5 9 10 *11)
[    0.438546] ACPI: Enabled 2 GPEs in block 00 to 07
[    0.439525] vgaarb: setting as boot device: PCI:0000:00:02.0
[    0.440315] vgaarb: device added: PCI:0000:00:02.0,decodes=io+mem,owns=io+mem,locks=none
[    0.441509] vgaarb: loaded
[    0.441975] vgaarb: bridge control possible 0000:00:02.0
[    0.442882] SCSI subsystem initialized
[    0.443577] ACPI: bus type USB registered
[    0.444177] usbcore: registered new interface driver usbfs
[    0.444972] usbcore: registered new interface driver hub
[    0.445737] usbcore: registered new device driver usb
[    0.446626] PCI: Using ACPI for IRQ routing
[    0.447887] NetLabel: Initializing
[    0.448422] NetLabel:  domain hash size = 128
[    0.449106] NetLabel:  protocols = UNLABELED CIPSOv4
[    0.449805] NetLabel:  unlabeled traffic allowed by default
[    0.450647] amd_nb: Cannot enumerate AMD northbridges
[    0.451426] clocksource: Switched to clocksource kvm-clock
[    0.457074] AppArmor: AppArmor Filesystem Enabled
[    0.457854] pnp: PnP ACPI init
[    0.458899] pnp: PnP ACPI: found 3 devices
[    0.467847] clocksource: acpi_pm: mask: 0xffffff max_cycles: 0xffffff, max_idle_ns: 2085701024 ns
[    0.469137] NET: Registered protocol family 2
[    0.469936] TCP established hash table entries: 8192 (order: 4, 65536 bytes)
[    0.470827] TCP bind hash table entries: 8192 (order: 5, 131072 bytes)
[    0.471702] TCP: Hash tables configured (established 8192 bind 8192)
[    0.472627] UDP hash table entries: 512 (order: 2, 16384 bytes)
[    0.473442] UDP-Lite hash table entries: 512 (order: 2, 16384 bytes)
[    0.474293] NET: Registered protocol family 1
[    0.474945] pci 0000:00:00.0: Limiting direct PCI/PCI transfers
[    0.475753] pci 0000:00:01.0: Activating ISA DMA hang workarounds
[    0.476683] Unpacking initramfs...
[    0.645779] Freeing initrd memory: 14884K
[    0.646562] clocksource: tsc: mask: 0xffffffffffffffff max_cycles: 0x19f728a16e6, max_idle_ns: 440795269196 ns
[    0.647971] platform rtc_cmos: registered platform RTC device (no PNP device found)
[    0.649091] Scanning for low memory corruption every 60 seconds
[    0.650171] audit: initializing netlink subsys (disabled)
[    0.650907] audit: type=2000 audit(1616307887.471:1): initialized
[    0.651910] Initialise system trusted keyring
[    0.652798] HugeTLB registered 2 MB page size, pre-allocated 0 pages
[    0.654568] zbud: loaded
[    0.655294] VFS: Disk quotas dquot_6.6.0
[    0.655971] VFS: Dquot-cache hash table entries: 512 (order 0, 4096 bytes)
[    0.657046] squashfs: version 4.0 (2009/01/31) Phillip Lougher
[    0.658014] fuse init (API version 7.23)
[    0.658714] Key type big_key registered
[    0.659339] Allocating IMA MOK and blacklist keyrings.
[    0.661134] Key type asymmetric registered
[    0.662572] Asymmetric key parser 'x509' registered
[    0.664025] Block layer SCSI generic (bsg) driver version 0.4 loaded (major 249)
[    0.665354] io scheduler noop registered
[    0.665935] io scheduler deadline registered (default)
[    0.666670] io scheduler cfq registered
[    0.667323] pci_hotplug: PCI Hot Plug PCI Core version: 0.5
[    0.668097] pciehp: PCI Express Hot Plug Controller Driver version: 0.4
[    0.669090] ACPI: AC Adapter [AC] (off-line)
[    0.669738] input: Power Button as /devices/LNXSYSTM:00/LNXPWRBN:00/input/input0
[    0.670812] ACPI: Power Button [PWRF]
[    0.671409] input: Sleep Button as /devices/LNXSYSTM:00/LNXSLPBN:00/input/input1
[    0.672597] ACPI: Sleep Button [SLPF]
[    0.673703] ACPI: Battery Slot [BAT0] (battery present)
[    0.674427] GHES: HEST is not enabled!
[    0.675052] Serial: 8250/16550 driver, 32 ports, IRQ sharing enabled
[    0.696281] 00:02: ttyS0 at I/O 0x3f8 (irq = 4, base_baud = 115200) is a 16550A
[    0.699435] Linux agpgart interface v0.103
[    0.701456] loop: module loaded
[    0.702373] scsi host0: ata_piix
[    0.703000] scsi host1: ata_piix
[    0.703578] ata1: PATA max UDMA/33 cmd 0x1f0 ctl 0x3f6 bmdma 0xd000 irq 14
[    0.704495] ata2: PATA max UDMA/33 cmd 0x170 ctl 0x376 bmdma 0xd008 irq 15
[    0.705456] libphy: Fixed MDIO Bus: probed
[    0.706136] tun: Universal TUN/TAP device driver, 1.6
[    0.706816] tun: (C) 1999-2004 Max Krasnyansky <maxk@qualcomm.com>
[    0.707760] PPP generic driver version 2.4.2
[    0.708552] ehci_hcd: USB 2.0 'Enhanced' Host Controller (EHCI) Driver
[    0.710429] ehci-pci: EHCI PCI platform driver
[    0.711846] ehci-platform: EHCI generic platform driver
[    0.712780] ohci_hcd: USB 1.1 'Open' Host Controller (OHCI) Driver
[    0.713639] ohci-pci: OHCI PCI platform driver
[    0.714282] ohci-platform: OHCI generic platform driver
[    0.714987] uhci_hcd: USB Universal Host Controller Interface driver
[    0.715916] i8042: PNP: PS/2 Controller [PNP0303:PS2K,PNP0f03:PS2M] at 0x60,0x64 irq 1,12
[    0.717466] serio: i8042 KBD port at 0x60,0x64 irq 1
[    0.718161] serio: i8042 AUX port at 0x60,0x64 irq 12
[    0.719037] mousedev: PS/2 mouse device common for all mice
[    0.720171] input: AT Translated Set 2 keyboard as /devices/platform/i8042/serio0/input/input2
[    0.721756] rtc_cmos rtc_cmos: rtc core: registered rtc_cmos as rtc0
[    0.722667] rtc_cmos rtc_cmos: alarms up to one day, 114 bytes nvram
[    0.723561] i2c /dev entries driver
[    0.724154] device-mapper: uevent: version 1.0.3
[    0.724946] device-mapper: ioctl: 4.34.0-ioctl (2015-10-28) initialised: dm-devel@redhat.com
[    0.726140] ledtrig-cpu: registered to indicate activity on CPUs
[    0.727360] NET: Registered protocol family 10
[    0.728250] NET: Registered protocol family 17
[    0.728924] Key type dns_resolver registered
[    0.730090] registered taskstats version 1
[    0.730854] Loading compiled-in X.509 certificates
[    0.732119] Loaded X.509 cert 'Build time autogenerated kernel key: 7d89d4973e8e82529e7123890c54abbb198c4f27'
[    0.733500] zswap: loaded using pool lzo/zbud
[    0.735801] Key type trusted registered
[    0.739048] Key type encrypted registered
[    0.739689] AppArmor: AppArmor sha1 policy hashing enabled
[    0.740481] ima: No TPM chip found, activating TPM-bypass!
[    0.741272] ima: Allocated hash algorithm: sha1
[    0.742030] evm: HMAC attrs: 0x1
[    0.742860]   Magic number: 13:567:418
[    0.743619] rtc_cmos rtc_cmos: setting system clock to 2021-03-21 06:24:42 UTC (1616307882)
[    0.744993] BIOS EDD facility v0.16 2004-Jun-25, 0 devices found
[    0.745774] EDD information not available.
[    0.883848] Freeing unused kernel memory: 1496K
[    0.884612] Write protecting the kernel read-only data: 14336k
[    0.885877] Freeing unused kernel memory: 1588K
[    0.886714] Freeing unused kernel memory: 52K
Loading, please wait...
starting version 229
[    0.898449] random: systemd-udevd: uninitialized urandom read (16 bytes read, 3 bits of entropy available)
[    0.898997] random: udevadm: uninitialized urandom read (16 bytes read, 3 bits of entropy available)
[    0.899020] random: udevadm: uninitialized urandom read (16 bytes read, 3 bits of entropy available)
[    0.902617] random: systemd-udevd: uninitialized urandom read (16 bytes read, 3 bits of entropy available)
[    0.904072] random: systemd-udevd: uninitialized urandom read (16 bytes read, 3 bits of entropy available)
[    0.905309] random: udevadm: uninitialized urandom read (16 bytes read, 3 bits of entropy available)
[    0.905351] random: udevadm: uninitialized urandom read (16 bytes read, 3 bits of entropy available)
[    0.905466] random: udevadm: uninitialized urandom read (16 bytes read, 3 bits of entropy available)
[    0.905515] random: udevadm: uninitialized urandom read (16 bytes read, 3 bits of entropy available)
[    0.905563] random: udevadm: uninitialized urandom read (16 bytes read, 3 bits of entropy available)
[    0.952600] e1000: Intel(R) PRO/1000 Network Driver - version 7.3.21-k8-NAPI
[    0.953716] e1000: Copyright (c) 1999-2006 Intel Corporation.
[    0.958336] Fusion MPT base driver 3.04.20
[    0.959002] Copyright (c) 1999-2008 LSI Corporation
[    0.964425] Fusion MPT SPI Host driver 3.04.20
[    0.973674] AVX2 version of gcm_enc/dec engaged.
[    0.974495] AES CTR mode by8 optimization enabled
[    1.178136] input: ImExPS/2 Generic Explorer Mouse as /devices/platform/i8042/serio1/input/input4
[    1.665771] e1000 0000:00:03.0 eth0: (PCI:33MHz:32-bit) 02:96:8e:bc:5b:f3
[    1.666941] e1000 0000:00:03.0 eth0: Intel(R) PRO/1000 Network Connection
[    1.668710] mptbase: ioc0: Initiating bringup
[    2.796844] ioc0: LSI53C1030 A0: Capabilities={Initiator}
[    5.372741] scsi host2: ioc0: LSI53C1030 A0, FwRev=00000000h, Ports=1, MaxQ=256, IRQ=20
[    7.365058] scsi 2:0:0:0: Direct-Access     VBOX     HARDDISK         1.0  PQ: 0 ANSI: 5
[    7.368793] scsi target2:0:0: Beginning Domain Validation
[    7.372875] scsi target2:0:0: Domain Validation skipping write tests
[    7.374466] scsi target2:0:0: Ending Domain Validation
[    7.375884] scsi target2:0:0: asynchronous
[    7.377504] scsi 2:0:1:0: Direct-Access     VBOX     HARDDISK         1.0  PQ: 0 ANSI: 5
[    7.379554] scsi target2:0:1: Beginning Domain Validation
[    7.381470] scsi target2:0:1: Domain Validation skipping write tests
[    7.382708] scsi target2:0:1: Ending Domain Validation
[    7.383921] scsi target2:0:1: asynchronous
[    7.452033] sd 2:0:0:0: Attached scsi generic sg0 type 0
[    7.453063] sd 2:0:1:0: Attached scsi generic sg1 type 0
[    7.454944] sd 2:0:0:0: [sda] 83886080 512-byte logical blocks: (42.9 GB/40.0 GiB)
[    7.456336] sd 2:0:1:0: [sdb] 20480 512-byte logical blocks: (10.5 MB/10.0 MiB)
[    7.457868] sd 2:0:1:0: [sdb] Write Protect is off
[    7.458681] sd 2:0:0:0: [sda] Write Protect is off
[    7.459624] sd 2:0:1:0: [sdb] Incomplete mode parameter data
[    7.460522] sd 2:0:1:0: [sdb] Assuming drive cache: write through
[    7.461584] sd 2:0:0:0: [sda] Incomplete mode parameter data
[    7.462497] sd 2:0:0:0: [sda] Assuming drive cache: write through
[    7.464787]  sda: sda1
[    7.467515] sd 2:0:1:0: [sdb] Attached SCSI disk
[    7.468462] sd 2:0:0:0: [sda] Attached SCSI disk
[    8.101788] e1000 0000:00:08.0 eth1: (PCI:33MHz:32-bit) 08:00:27:81:6e:f5
[    8.102963] e1000 0000:00:08.0 eth1: Intel(R) PRO/1000 Network Connection
[    8.104934] e1000 0000:00:03.0 enp0s3: renamed from eth0
[    8.119906] e1000 0000:00:08.0 enp0s8: renamed from eth1
Begin: Loading essential drivers ... [    9.624900] md: linear personality registered for level -1
[    9.627551] md: multipath personality registered for level -4
[    9.630393] md: raid0 personality registered for level 0
[    9.633778] md: raid1 personality registered for level 1
[    9.703473] raid6: sse2x1   gen() 11708 MB/s
[    9.771468] raid6: sse2x1   xor()  9568 MB/s
[    9.839469] raid6: sse2x2   gen() 15101 MB/s
[    9.907467] raid6: sse2x2   xor() 11337 MB/s
[    9.975466] raid6: sse2x4   gen() 16132 MB/s
[   10.043470] raid6: sse2x4   xor() 12424 MB/s
[   10.111475] raid6: avx2x1   gen() 21371 MB/s
[   10.179464] raid6: avx2x2   gen() 27881 MB/s
[   10.247469] raid6: avx2x4   gen() 31020 MB/s
[   10.248146] raid6: using algorithm avx2x4 gen() 31020 MB/s
[   10.248909] raid6: using avx2x2 recovery algorithm
[   10.250478] xor: automatically using best checksumming function:
[   10.351605]    avx       : 97821.000 MB/sec
[   10.353420] async_tx: api initialized (async)
[   10.361735] md: raid6 personality registered for level 6
[   10.362519] md: raid5 personality registered for level 5
[   10.363230] md: raid4 personality registered for level 4
[   10.369309] md: raid10 personality registered for level 10
done.
Begin: Running /scripts/init-premount ... done.
Begin: Mounting root file system ... Begin: Running /scripts/local-top ... done.
Begin: Running /scripts/local-premount ... [   10.393627] Btrfs loaded
Scanning for Btrfs filesystems
done.
Warning: fsck not present, so skipping root file system
[   10.420986] EXT4-fs (sda1): mounted filesystem with ordered data mode. Opts: (null)
done.
Begin: Running /scripts/local-bottom ... done.
Begin: Running /scripts/init-bottom ... done.
[   10.509056] systemd[1]: systemd 229 running in system mode. (+PAM +AUDIT +SELINUX +IMA +APPARMOR +SMACK +SYSVINIT +UTMP +LIBCRYPTSETUP +GCRYPT +GNUTLS +ACL +XZ -LZ4 +SECCOMP +BLKID +ELFUTILS +KMOD -IDN)
[   10.513124] systemd[1]: Detected virtualization oracle.
[   10.514339] systemd[1]: Detected architecture x86-64.

Welcome to [1mUbuntu 16.04.7 LTS[0m!

[   10.524201] systemd[1]: Set hostname to <ubuntu>.
[   10.528035] systemd[1]: Initializing machine ID from random generator.
[   10.529584] systemd[1]: Installed transient /etc/machine-id file.
[   10.660172] systemd[1]: Started Trigger resolvconf update for networkd DNS.
[[0;32m  OK  [0m] Started Trigger resolvconf update for networkd DNS.
[   10.661914] systemd[1]: Listening on LVM2 poll daemon socket.
[[0;32m  OK  [0m] Listening on LVM2 poll daemon socket.
[   10.667548] systemd[1]: Listening on Journal Socket.
[[0;32m  OK  [0m] Listening on Journal Socket.
[   10.669015] systemd[1]: Created slice System Slice.
[[0;32m  OK  [0m] Created slice System Slice.
[   10.679857] systemd[1]: Starting Uncomplicated firewall...
         Starting Uncomplicated firewall...
[   10.684885] systemd[1]: Starting Create list of required static device nodes for the current kernel...
         Starting Create list of required st... nodes for the current kernel...
[   10.690787] systemd[1]: Listening on LVM2 metadata daemon socket.
[[0;32m  OK  [0m] Listening on LVM2 metadata daemon socket.
[   10.694895] systemd[1]: Reached target System Time Synchronized.
[[0;32m  OK  [0m] Reached target System Time Synchronized.
[   10.698946] systemd[1]: Listening on Journal Audit Socket.
[[0;32m  OK  [0m] Listening on Journal Audit Socket.
[   10.704050] systemd[1]: Mounting POSIX Message Queue File System...
         Mounting POSIX Message Queue File System...
[   10.708765] systemd[1]: Started Forward Password Requests to Wall Directory Watch.
[[0;32m  OK  [0m] Started Forward Password Requests to Wall Directory Watch.
[   10.713160] systemd[1]: Created slice system-serial\x2dgetty.slice.
[[0;32m  OK  [0m] Created slice system-serial\x2dgetty.slice.
[   10.716462] systemd[1]: Starting Nameserver information manager...
         Starting Nameserver information manager...
[   10.723645] systemd[1]: Listening on /dev/initctl Compatibility Named Pipe.
[[0;32m  OK  [0m] Listening on /dev/initctl Compatibility Named Pipe.
[   10.725655] systemd[1]: Reached target Swap.
[[0;32m  OK  [0m] Reached target Swap.
[   10.727123] systemd[1]: Listening on Journal Socket (/dev/log).
[[0;32m  OK  [0m] Listening on Journal Socket (/dev/log).
[   10.729094] systemd[1]: Reached target User and Group Name Lookups.
[[0;32m  OK  [0m] Reached target User and Group Name Lookups.
[   10.731291] systemd[1]: Set up automount Arbitrary Executable File Formats File System Automount Point.
[[0;32m  OK  [0m] Set up automount Arbitrary Executab...ats File System Automount Point.
[   10.734251] systemd[1]: Listening on udev Kernel Socket.
[[0;32m  OK  [0m] Listening on udev Kernel Socket.
[   10.736114] systemd[1]: Listening on fsck to fsckd communication Socket.
[[0;32m  OK  [0m] Listening on fsck to fsckd communication Socket.
[   10.738035] systemd[1]: Created slice User and Session Slice.
[[0;32m  OK  [0m] Created slice User and Session Slice.
[   10.739491] systemd[1]: Reached target Slices.
[[0;32m  OK  [0m] Reached target Slices.
[   10.740872] systemd[1]: Listening on Device-mapper event daemon FIFOs.
[[0;32m  OK  [0m] Listening on Device-mapper event daemon FIFOs.
[   10.755314] systemd[1]: Starting Monitoring of LVM2 mirrors, snapshots etc. using dmeventd or progress polling...
         Starting Monitoring of LVM2 mirrors... dmeventd or progress polling...
[   10.758213] systemd[1]: Listening on udev Control Socket.
[[0;32m  OK  [0m] Listening on udev Control Socket.
[   10.759879] systemd[1]: Reached target Encrypted Volumes.
[[0;32m  OK  [0m] Reached target Encrypted Volumes.
[   10.762152] systemd[1]: Mounting Debug File System...
         Mounting Debug File System...
[   10.764453] systemd[1]: Starting Set console keymap...
         Starting Set console keymap...
[   10.766598] systemd[1]: Mounting Huge Pages File System...
         Mounting Huge Pages File System...
[   10.770254] systemd[1]: Starting Load Kernel Modules...
         Starting Load Kernel Modules...
[   10.772583] systemd[1]: Listening on Syslog Socket.
[[0;32m  OK  [0m] Listening on Syslog Socket.
[   10.774873] systemd[1]: Starting Journal Service...
         Starting Journal Service...
[   10.777518] systemd[1]: Starting File System Check on Root Device...
         Starting File System Check on Root Device...
[   10.780261] Loading iSCSI transport class v2.0-870.
[   10.781287] systemd[1]: Mounted Huge Pages File System.
[[0;32m  OK  [0m] Mounted Huge Pages File System.
[   10.784775] systemd[1]: Mounted POSIX Message Queue File System.
[[0;32m  OK  [0m] Mounted POSIX Message Queue File System.
[   10.787042] systemd[1]: Mounted Debug File System.
[[0;32m  OK  [0m] Mounted Debug File System.
[   10.789808] systemd[1]: Started Uncomplicated firewall.
[[0;32m  OK  [0m] Started Uncomplicated firewall.
[   10.792660] systemd[1]: Started Create list of required static device nodes for the current kernel.
[[0;32m  OK  [0m] Started Create list of required sta...ce nodes for the current kernel.
[   10.802435] iscsi: registered transport (tcp)
[   10.808626] systemd[1]: Started File System Check on Root Device.
[[0;32m  OK  [0m] Started File System Check on Root Device.
[   10.812584] systemd[1]: Started File System Check Daemon to report status.
[[0;32m  OK  [0m] Started File System Check Daemon to report status.
[   10.815567] systemd[1]: Started LVM2 metadata daemon.
[[0;32m  OK  [0m] Started LVM2 metadata daemon.
[   10.818496] systemd[1]: Starting Remount Root and Kernel File Systems...
         Starting Remount Root and Kernel File Systems...
[   10.820432] systemd[1]: Starting Create Static Device Nodes in /dev...
         Starting Create Static Device Nodes in /dev...
[   10.824789] systemd[1]: Started Nameserver information manager.
[[0;32m  OK  [0m] Started Nameserver information manager.
[   10.827371] EXT4-fs (sda1): re-mounted. Opts: (null)
[   10.829735] systemd[1]: Started Remount Root and Kernel File Systems.
[[0;32m  OK  [0m] Started Remount Root and Kernel File Systems.
[   10.833284] systemd[1]: Starting Load/Save Random Seed...
         Starting Load/Save Random Seed...
[   10.836500] systemd[1]: Starting udev Coldplug all Devices...
         Starting udev Coldplug all Devices...
[   10.838548] systemd[1]: Started Create Static Device Nodes in /dev.
[[0;32m  OK  [0m] Started Create Static Device Nodes in /dev.
[   10.841045] systemd[1]: Starting udev Kernel Device Manager...
         Starting udev Kernel Device Manager...
[   10.844425] systemd[1]: Started Load/Save Random Seed.
[[0;32m  OK  [0m] Started Load/Save Random Seed.
[   10.858640] systemd[1]: Started Journal Service.
[[0;32m  OK  [0m] Started Journal Service.
         Starting Flush Journal to Persistent Storage...
[[0;32m  OK  [0m] Started udev Kernel Device Manager.
[   10.876442] systemd-journald[399]: Received request to flush runtime journal from PID 1
[[0;32m  OK  [0m] Started Flush Journal to Persistent Storage.
[   10.886097] iscsi: registered transport (iser)
[[0;32m  OK  [0m] Started Load Kernel Modules.
         Mounting FUSE Control File System...
         Starting Apply Kernel Variables...
[[0;32m  OK  [0m] Started Set console keymap.
[[0;32m  OK  [0m] Started udev Coldplug all Devices.
[[0;32m  OK  [0m] Mounted FUSE Control File System.
[[0;32m  OK  [0m] Started Dispatch Password Requests to Console Directory Watch.
[[0;32m  OK  [0m] Started Apply Kernel Variables.
[[0;32m  OK  [0m] Found device /dev/ttyS0.
[[0;32m  OK  [0m] Listening on Load/Save RF Kill Switch Status /dev/rfkill Watch.
[[0;32m  OK  [0m] Started Monitoring of LVM2 mirrors,...ng dmeventd or progress polling.
[[0;32m  OK  [0m] Reached target Local File Systems (Pre).
[[0;32m  OK  [0m] Reached target Local File Systems.
         Starting LSB: AppArmor initialization...
         Starting Commit a transient machine-id on disk...
         Starting Tell Plymouth To Write Out Runtime Data...
         Starting Set console font and keymap...
         Starting Initial cloud-init job (pre-networking)...
         Starting Create Volatile Files and Directories...
[[0;32m  OK  [0m] Started Create Volatile Files and Directories.
         Starting Update UTMP about System Boot/Shutdown...
[[0;32m  OK  [0m] Started Tell Plymouth To Write Out Runtime Data.
[[0;32m  OK  [0m] Started Update UTMP about System Boot/Shutdown.
[[0;32m  OK  [0m] Started Commit a transient machine-id on disk.
[[0;32m  OK  [0m] Started Set console font and keymap.
[[0;32m  OK  [0m] Created slice system-getty.slice.
[[0;32m  OK  [0m] Started LSB: AppArmor initialization.
         Starting Load AppArmor profiles managed internally by snapd...
[[0;32m  OK  [0m] Started Load AppArmor profiles managed internally by snapd.
[   12.035902] cloud-init[641]: Cloud-init v. 20.4.1-0ubuntu1~16.04.1 running 'init-local' at Sun, 21 Mar 2021 06:24:53 +0000. Up 11.81 seconds.
[[0;32m  OK  [0m] Started Initial cloud-init job (pre-networking).
[[0;32m  OK  [0m] Reached target Network (Pre).
         Starting Raise network interfaces...
[[0;32m  OK  [0m] Started Raise network interfaces.
[[0;32m  OK  [0m] Reached target Network.
         Starting Initial cloud-init job (metadata service crawler)...
[   12.889418] cloud-init[975]: Cloud-init v. 20.4.1-0ubuntu1~16.04.1 running 'init' at Sun, 21 Mar 2021 06:24:54 +0000. Up 12.47 seconds.
[   12.891028] cloud-init[975]: ci-info: ++++++++++++++++++++++++++++++++++++++Net device info+++++++++++++++++++++++++++++++++++++++
[   12.892631] cloud-init[975]: ci-info: +--------+-------+----------------------------+---------------+--------+-------------------+
[   12.893946] cloud-init[975]: ci-info: | Device |   Up  |          Address           |      Mask     | Scope  |     Hw-Address    |
[   12.895555] cloud-init[975]: ci-info: +--------+-------+----------------------------+---------------+--------+-------------------+
[   12.897110] cloud-init[975]: ci-info: | enp0s3 |  True |         10.0.2.15          | 255.255.255.0 | global | 02:96:8e:bc:5b:f3 |
[   12.898566] cloud-init[975]: ci-info: | enp0s3 |  True | fe80::96:8eff:febc:5bf3/64 |       .       |  link  | 02:96:8e:bc:5b:f3 |
[   12.900034] cloud-init[975]: ci-info: | enp0s8 | False |             .              |       .       |   .    | 08:00:27:81:6e:f5 |
[   12.901606] cloud-init[975]: ci-info: |   lo   |  True |         127.0.0.1          |   255.0.0.0   |  host  |         .         |
[   12.903180] cloud-init[975]: ci-info: |   lo   |  True |          ::1/128           |       .       |  host  |         .         |
[   12.904713] cloud-init[975]: ci-info: +--------+-------+----------------------------+---------------+--------+-------------------+
[   12.906272] cloud-init[975]: ci-info: +++++++++++++++++++++++++++Route IPv4 info++++++++++++++++++++++++++++
[   12.907262] cloud-init[975]: ci-info: +-------+-------------+----------+---------------+-----------+-------+
[   12.908425] cloud-init[975]: ci-info: | Route | Destination | Gateway  |    Genmask    | Interface | Flags |
[   12.909548] cloud-init[975]: ci-info: +-------+-------------+----------+---------------+-----------+-------+
[   12.910638] cloud-init[975]: ci-info: |   0   |   0.0.0.0   | 10.0.2.2 |    0.0.0.0    |   enp0s3  |   UG  |
[   12.911736] cloud-init[975]: ci-info: |   1   |   10.0.2.0  | 0.0.0.0  | 255.255.255.0 |   enp0s3  |   U   |
[   12.912834] cloud-init[975]: ci-info: +-------+-------------+----------+---------------+-----------+-------+
[   12.916810] cloud-init[975]: ci-info: +++++++++++++++++++Route IPv6 info+++++++++++++++++++
[   12.917796] cloud-init[975]: ci-info: +-------+-------------+---------+-----------+-------+
[   12.918775] cloud-init[975]: ci-info: | Route | Destination | Gateway | Interface | Flags |
[   12.919732] cloud-init[975]: ci-info: +-------+-------------+---------+-----------+-------+
[   12.920722] cloud-init[975]: ci-info: |   0   |  fe80::/64  |    ::   |   enp0s3  |   U   |
[   12.921700] cloud-init[975]: ci-info: |   3   |   ff00::/8  |    ::   |   enp0s3  |   U   |
[   12.922748] cloud-init[975]: ci-info: +-------+-------------+---------+-----------+-------+
[   12.923748] cloud-init[975]: Generating public/private rsa key pair.
[   12.924590] cloud-init[975]: Your identification has been saved in /etc/ssh/ssh_host_rsa_key.
[   12.925723] cloud-init[975]: Your public key has been saved in /etc/ssh/ssh_host_rsa_key.pub.
[   12.926881] cloud-init[975]: The key fingerprint is:
[   12.927591] cloud-init[975]: SHA256:Ttlj1FHdV6womeO3CMYB1KBqJsO5fFI11sSVGEoFqeo root@ubuntu-xenial
[   12.928766] cloud-init[975]: The key's randomart image is:
[   12.929635] cloud-init[975]: +---[RSA 2048]----+
[   12.936430] cloud-init[975]: |     +B*+.. ...o+|
[   12.937099] cloud-init[975]: |    .o=o.. . .  =|
[   12.937658] cloud-init[975]: |    o= o  .o.. ..|
[   12.938157] cloud-init[975]: |. .oo . .+= . .  |
[   12.938782] cloud-init[975]: |oo=.   .So+o     |
[   12.939290] cloud-init[975]: |.*o    o+....    |
[   12.939786] cloud-init[975]: |.+ .   ... o .   |
[   12.940361] cloud-init[975]: | Eo       . .    |
[   12.940883] cloud-init[975]: |                 |
[   12.941388] cloud-init[975]: +----[SHA256]-----+
[   12.941916] cloud-init[975]: Generating public/private dsa key pair.
[   12.942780] cloud-init[975]: Your identification has been saved in /etc/ssh/ssh_host_dsa_key.
[   12.943615] cloud-init[975]: Your public key has been saved in /etc/ssh/ssh_host_dsa_key.pub.
[   12.944568] cloud-init[975]: The key fingerprint is:
[   12.945192] cloud-init[975]: SHA256:z+M7ZBGMOdmiLFoW7O34TuPqrGFHHNVGlLLiOh2z1Ak root@ubuntu-xenial
[   12.946121] cloud-init[975]: The key's randomart image is:
[   12.946803] cloud-init[975]: +---[DSA 1024]----+
[   12.947410] cloud-init[975]: |   .  .+oB       |
[   12.948011] cloud-init[975]: |    o.. X +      |
[   12.948713] cloud-init[975]: |   ..+ = o .     |
[   12.949346] cloud-init[975]: |   .E.=   .      |
[   12.949973] cloud-init[975]: |   =oB .S  .     |
[   12.950595] cloud-init[975]: |  ..* +  oo      |
[   12.951213] cloud-init[975]: |  o+.=o  o+      |
[   12.951835] cloud-init[975]: | .o+oo.. ...     |
[   12.952726] cloud-init[975]: |  .++oo   oo     |
[   12.953874] cloud-init[975]: +----[SHA256]-----+
[   12.954845] cloud-init[975]: Generating public/private ecdsa key pair.
[   12.956029] cloud-init[975]: Your identification has been saved in /etc/ssh/ssh_host_ecdsa_key.
[   12.957348] cloud-init[975]: Your public key has been saved in /etc/ssh/ssh_host_ecdsa_key.pub.
[   12.958482] cloud-init[975]: The key fingerprint is:
[   12.959232] cloud-init[975]: SHA256:ochK1mKzN6O0FWOAS0XDw5GMM+JVKsEJaJK7JNprvLM root@ubuntu-xenial
[   12.960454] cloud-init[975]: The key's randomart image is:
[   12.961344] cloud-init[975]: +---[ECDSA 256]---+
[   12.962062] cloud-init[975]: |=oB=+.           |
[   12.962776] cloud-init[975]: |=OoBo            |
[   12.963561] cloud-init[975]: |*+=..   .        |
[   12.964354] cloud-init[975]: |++.+ . . .       |
[   12.965169] cloud-init[975]: |=o* B . S        |
[   12.965948] cloud-init[975]: |o+.* o           |
[   12.966664] cloud-init[975]: | .+.=            |
[   12.967484] cloud-init[975]: | .== o           |
[   12.968251] cloud-init[975]: | .E+             |
[   12.969014] cloud-init[975]: +----[SHA256]-----+
[   12.969750] cloud-init[975]: Generating public/private ed25519 key pair.
[   12.970686] cloud-init[975]: Your identification has been saved in /etc/ssh/ssh_host_ed25519_key.
[   12.971721] cloud-init[975]: Your public key has been saved in /etc/ssh/ssh_host_ed25519_key.pub.
[   12.972884] cloud-init[975]: The key fingerprint is:
[   12.973696] cloud-init[975]: SHA256:H2INk/CcJ2ev4q/Z94nBuACATBCjzR8831yRNp34IYk root@ubuntu-xenial
[   12.974883] cloud-init[975]: The key's randomart image is:
[   12.975731] cloud-init[975]: +--[ED25519 256]--+
[   12.976508] cloud-init[975]: |+o.   .  ..= .   |
[   12.977435] cloud-init[975]: |.* o   +EoB.+    |
[   12.977650] cloud-init[975]: |. = =   O.=+ .   |
[   12.978023] cloud-init[975]: |   . = o X ..    |
[   12.978424] cloud-init[975]: |    . o S o .    |
[   12.978828] cloud-init[975]: |       o o =     |
[   12.979240] cloud-init[975]: |        o + o    |
[   12.979641] cloud-init[975]: |       . = ..o . |
[   12.980076] cloud-init[975]: |        +o+...o  |
[   12.980447] cloud-init[975]: +----[SHA256]-----+
[[0;32m  OK  [0m] Started Initial cloud-init job (metadata service crawler).
[[0;32m  OK  [0m] Reached target System Initialization.
[[0;32m  OK  [0m] Listening on ACPID Listen Socket.
         Starting LXD - unix socket.
[[0;32m  OK  [0m] Started ACPI Events Check.
[[0;32m  OK  [0m] Reached target Paths.
[[0;32m  OK  [0m] Started Daily apt download activities.
[[0;32m  OK  [0m] Started Daily apt upgrade and clean activities.
[[0;32m  OK  [0m] Listening on UUID daemon activation socket.
[[0;32m  OK  [0m] Listening on D-Bus System Message Bus Socket.
         Starting Socket activation for snappy daemon.
[[0;32m  OK  [0m] Started Message of the Day.
[[0;32m  OK  [0m] Started Daily Cleanup of Temporary Directories.
[[0;32m  OK  [0m] Reached target Timers.
[[0;32m  OK  [0m] Reached target Network is Online.
         Starting iSCSI initiator daemon (iscsid)...
[[0;32m  OK  [0m] Reached target Cloud-config availability.
[[0;32m  OK  [0m] Listening on LXD - unix socket.
[[0;32m  OK  [0m] Listening on Socket activation for snappy daemon.
[[0;32m  OK  [0m] Reached target Sockets.
[[0;32m  OK  [0m] Reached target Basic System.
[[0;32m  OK  [0m] Started D-Bus System Message Bus.
         Starting System Logging Service...
         Starting Pollinate to seed the pseudo random number generator...
[[0;32m  OK  [0m] Started Regular background program processing daemon.
         Starting Snap Daemon...
         Starting LXD - container startup/shutdown...
[[0;32m  OK  [0m] Started ACPI event daemon.
         Starting LSB: MD monitoring daemon...
         Starting LSB: Record successful boot for GRUB...
[[0;32m  OK  [0m] Started Deferred execution scheduler.
[[0;32m  OK  [0m] Started FUSE filesystem for LXC.
         Starting Virtualbox guest utils...
         Starting Accounts Service...
         Starting /etc/rc.local Compatibility...
         Starting Login Service...
[[0;32m  OK  [0m] Started /etc/rc.local Compatibility.
[[0;32m  OK  [0m] Started System Logging Service.
[[0;32m  OK  [0m] Started Login Service.
[[0;32m  OK  [0m] Started Unattended Upgrades Shutdown.
[[0;32m  OK  [0m] Started LSB: Record successful boot for GRUB.
[[0;32m  OK  [0m] Started iSCSI initiator daemon (iscsid).
[[0;32m  OK  [0m] Started LSB: MD monitoring daemon.
         Starting Login to default iSCSI targets...
[[0;32m  OK  [0m] Started Login to default iSCSI targets.
[[0;32m  OK  [0m] Reached target Remote File Systems (Pre).
[[0;32m  OK  [0m] Reached target Remote File Systems.
         Starting Permit User Sessions...
         Starting LSB: daemon to balance interrupts for SMP systems...
         Starting LSB: Set the CPU Frequency Scaling governor to "ondemand"...
         Starting LSB: automatic crash report generation...
[[0;32m  OK  [0m] Started Permit User Sessions.
         Starting Authenticate and Authorize Users to Run Privileged Tasks...
         Starting Terminate Plymouth Boot Screen...
         Starting Hold until boot process finishes up...
[[0;32m  OK  [0m] Started Hold until boot process finishes up.
[[0;32m  OK  [0m] Started Serial Getty on ttyS0.
[[0;32m  OK  [0m] Started Getty on tty1.
[[0;32m  OK  [0m] Reached target Login Prompts.
         Starting Set console scheme...
[[0;32m  OK  [0m] Started Terminate Plymouth Boot Screen.
[[0;32m  OK  [0m] Started Set console scheme.
[[0;32m  OK  [0m] Started LSB: Set the CPU Frequency Scaling governor to "ondemand".
[[0;32m  OK  [0m] Started LSB: automatic crash report generation.
[[0;32m  OK  [0m] Started LXD - container startup/shutdown.
[[0;32m  OK  [0m] Started Authenticate and Authorize Users to Run Privileged Tasks.
[[0;32m  OK  [0m] Started LSB: daemon to balance interrupts for SMP systems.
[[0;32m  OK  [0m] Started Accounts Service.
[[0;32m  OK  [0m] Started Virtualbox guest utils.
[[0;32m  OK  [0m] Started Snap Daemon.
         Starting Wait until snapd is fully seeded...
[[0;32m  OK  [0m] Started Pollinate to seed the pseudo random number generator.
         Starting OpenBSD Secure Shell server...
[[0;32m  OK  [0m] Started OpenBSD Secure Shell server.
[[0;32m  OK  [0m] Created slice User Slice of vagrant.
         Starting User Manager for UID 1000...
[[0;32m  OK  [0m] Started Session 1 of user vagrant.
[[0;32m  OK  [0m] Started User Manager for UID 1000.
[[0;32m  OK  [0m] Started Session 2 of user vagrant.
[[0;32m  OK  [0m] Started Wait until snapd is fully seeded.
         Starting Apply the settings specified in cloud-config...
[[0;32m  OK  [0m] Reached target Multi-User System.
[[0;32m  OK  [0m] Reached target Graphical Interface.
         Starting Update UTMP about System Runlevel Changes...
[[0;32m  OK  [0m] Started Update UTMP about System Runlevel Changes.
         Stopping User Manager for UID 1000...
[[0;32m  OK  [0m] Stopped User Manager for UID 1000.
[[0;32m  OK  [0m] Removed slice User Slice of vagrant.
[   18.235088] cloud-init[1754]: Generating locales (this might take a while)...
[   18.765383] cloud-init[1754]:   en_US.UTF-8... done
[   18.766021] cloud-init[1754]: Generation complete.
[   18.994364] cloud-init[1754]: Cloud-init v. 20.4.1-0ubuntu1~16.04.1 running 'modules:config' at Sun, 21 Mar 2021 06:25:00 +0000. Up 18.15 seconds.

Ubuntu 16.04.7 LTS ubuntu-xenial ttyS0

ubuntu-xenial login: ci-info: no authorized SSH keys fingerprints found for user ubuntu.
<14>Mar 21 06:25:01 ec2: 
<14>Mar 21 06:25:01 ec2: #############################################################
<14>Mar 21 06:25:01 ec2: -----BEGIN SSH HOST KEY FINGERPRINTS-----
<14>Mar 21 06:25:01 ec2: 1024 SHA256:z+M7ZBGMOdmiLFoW7O34TuPqrGFHHNVGlLLiOh2z1Ak root@ubuntu-xenial (DSA)
<14>Mar 21 06:25:01 ec2: 256 SHA256:ochK1mKzN6O0FWOAS0XDw5GMM+JVKsEJaJK7JNprvLM root@ubuntu-xenial (ECDSA)
<14>Mar 21 06:25:01 ec2: 256 SHA256:H2INk/CcJ2ev4q/Z94nBuACATBCjzR8831yRNp34IYk root@ubuntu-xenial (ED25519)
<14>Mar 21 06:25:01 ec2: 2048 SHA256:Ttlj1FHdV6womeO3CMYB1KBqJsO5fFI11sSVGEoFqeo root@ubuntu-xenial (RSA)
<14>Mar 21 06:25:01 ec2: -----END SSH HOST KEY FINGERPRINTS-----
<14>Mar 21 06:25:01 ec2: #############################################################
-----BEGIN SSH HOST KEY KEYS-----
ecdsa-sha2-nistp256 AAAAE2VjZHNhLXNoYTItbmlzdHAyNTYAAAAIbmlzdHAyNTYAAABBBDe9AImJxpA4sLUxklNyOZpPpEhV84xD7Z1vJGCTP6Xe+GntQllNq35PcQCxO2tYCDhgNfFHiKWexhTfm3ZLtyk= root@ubuntu-xenial
ssh-ed25519 AAAAC3NzaC1lZDI1NTE5AAAAIJS+pJ32AwUK29V4Macrjdi6ydCwiF/zeQa//9FfNudy root@ubuntu-xenial
ssh-rsa AAAAB3NzaC1yc2EAAAADAQABAAABAQCbZz8j58XvwzNBgJQma0y0iCaY+U0cHz0RMPku6pILRLHPJdens7SOfB97c1b+R6Cr8XjfDbZe4xB8CwI7rxmXBE2cKfjhldyJDgupVRrSUO7tY5JqxBEXJCodkPOIxcEVerwqInYUAK0H1SHU4ilKvR2spGseMjJkhMYznae6WAhoCN2v4VWx5IWsIrcpuqRq/FKu6jQQ5v0w+RWTjTP3Ro6VERXyg3Jo6s7ASiS/YLPEbbeKx5kXN71BnKHm5Svb8IhMc5kJ4g8ugyc3lzrqgJ2R2t0OamyQiKEzKv+lLOFCYCxhcBKESLaYyDaZ0pgTFTu1mYw99qxNL+nBVhrz root@ubuntu-xenial
-----END SSH HOST KEY KEYS-----
[   19.317254] cloud-init[1829]: Cloud-init v. 20.4.1-0ubuntu1~16.04.1 running 'modules:final' at Sun, 21 Mar 2021 06:25:01 +0000. Up 19.21 seconds.
[   19.317442] cloud-init[1829]: ci-info: no authorized SSH keys fingerprints found for user ubuntu.
[   19.317765] cloud-init[1829]: Cloud-init v. 20.4.1-0ubuntu1~16.04.1 finished at Sun, 21 Mar 2021 06:25:01 +0000. Datasource DataSourceNoCloud [seed=/dev/sdb][dsmode=net].  Up 19.31 seconds
